<?xml version="1.0" encoding="UTF-8"?>
<!-- Generated by org.testng.reporters.JUnitReportReporter -->
<testsuite skipped="0" hostname="G1C2ML15505" name="executionEngine.DriverScript1" tests="1" failures="0" timestamp="05 Sep 2018 05:58:52 GMT" time="65.449" errors="0">
  <testcase name="f" time="65.449" classname="executionEngine.DriverScript1"/>
</testsuite> <!-- executionEngine.DriverScript1 -->
