<?xml version="1.0" encoding="UTF-8"?>
<!-- Generated by org.testng.reporters.JUnitReportReporter -->
<testsuite skipped="0" hostname="A2ML30055" name="execution_engine.DriverScript1" tests="1" failures="0" timestamp="27 Nov 2018 09:08:27 GMT" time="28.017" errors="0">
  <testcase name="f" time="28.017" classname="execution_engine.DriverScript1"/>
</testsuite> <!-- execution_engine.DriverScript1 -->
